<?xml version="1.0" encoding="UTF-8"?>
<!-- Generated by org.testng.reporters.JUnitReportReporter -->
<testsuite skipped="0" hostname="DESKTOP-74ULC4S" name="Runner.Runner" tests="1" failures="0" timestamp="2022-05-22T19:23:14 ICT" time="9.451" errors="0">
  <testcase name="runScenario" time="9.451" classname="Runner.Runner"/>
  <system-out/>
</testsuite> <!-- Runner.Runner -->
